0 info it worked if it ends with ok
1 verbose cli [ '/usr/local/opt/nvm/v0.11.14/bin/node',
1 verbose cli   '/usr/local/opt/nvm/v0.11.14/bin/npm',
1 verbose cli   'install' ]
2 info using npm@2.0.0
3 info using node@v0.11.14
4 verbose node symlink /usr/local/opt/nvm/v0.11.14/bin/node
5 error install Couldn't read dependencies
6 verbose stack Error: Failed to parse json
6 verbose stack Unexpected string
6 verbose stack     at parseError (/usr/local/Cellar/nvm/0.16.1/v0.11.14/lib/node_modules/npm/node_modules/read-package-json/read-json.js:378:25)
6 verbose stack     at parseJson (/usr/local/Cellar/nvm/0.16.1/v0.11.14/lib/node_modules/npm/node_modules/read-package-json/read-json.js:85:51)
6 verbose stack     at /usr/local/Cellar/nvm/0.16.1/v0.11.14/lib/node_modules/npm/node_modules/read-package-json/read-json.js:59:33
6 verbose stack     at evalmachine.<anonymous>:295:14
6 verbose stack     at /usr/local/Cellar/nvm/0.16.1/v0.11.14/lib/node_modules/npm/node_modules/graceful-fs/graceful-fs.js:102:5
6 verbose stack     at Object.oncomplete (evalmachine.<anonymous>:93:15)
7 verbose cwd /Users/jdavis1002/Code/npm/simple-sitemap
8 error Darwin 14.0.0
9 error argv "/usr/local/opt/nvm/v0.11.14/bin/node" "/usr/local/opt/nvm/v0.11.14/bin/npm" "install"
10 error node v0.11.14
11 error npm  v2.0.0
12 error file /Users/jdavis1002/Code/npm/simple-sitemap/package.json
13 error code EJSONPARSE
14 error Failed to parse json
14 error Unexpected string
15 error File: /Users/jdavis1002/Code/npm/simple-sitemap/package.json
16 error Failed to parse package.json data.
16 error package.json must be actual JSON, not just JavaScript.
16 error
16 error This is not a bug in npm.
16 error Tell the package author to fix their package.json file. JSON.parse
17 verbose exit [ 1, true ]
